<?xml version="1.0" encoding="UTF-8"?>
<!-- Generated by org.testng.reporters.JUnitReportReporter -->
<testsuite hostname="DESKTOP-FBMB0MM" failures="0" tests="1" name="com.crm.autodesk.ContactsTests.CreateContactWithMultipleData" time="0.000" errors="0" timestamp="2021-09-17T16:45:59 IST" skipped="1">
  <testcase classname="com.crm.autodesk.ContactsTests.CreateContactWithMultipleData" name="createoppWithMultipleData" time="0.000">
    <skipped/>
  </testcase> <!-- createoppWithMultipleData -->
  <system-out/>
</testsuite> <!-- com.crm.autodesk.ContactsTests.CreateContactWithMultipleData -->
