<?xml version="1.0" encoding="UTF-8"?>
<!-- Generated by org.testng.reporters.JUnitReportReporter -->
<testsuite hostname="DESKTOP-FBMB0MM" failures="0" tests="1" name="Practice.ReadFromXML" time="0.008" errors="0" timestamp="2021-09-07T22:58:33 IST" skipped="0">
  <testcase classname="Practice.ReadFromXML" name="raedDataFromXML" time="0.008"/>
  <system-out/>
</testsuite> <!-- Practice.ReadFromXML -->
