<?xml version="1.0" encoding="UTF-8"?>
<!-- Generated by org.testng.reporters.JUnitReportReporter -->
<testsuite hostname="DESKTOP-FBMB0MM" failures="0" tests="1" name="Practice.Delete7thRowofOrganization" time="6.474" errors="0" timestamp="2021-09-07T19:33:53 IST" skipped="0">
  <testcase classname="Practice.Delete7thRowofOrganization" name="OrganizationTest" time="6.474"/>
  <system-out/>
</testsuite> <!-- Practice.Delete7thRowofOrganization -->
