<?xml version="1.0" encoding="UTF-8"?>
<!-- Generated by org.testng.reporters.JUnitReportReporter -->
<testsuite hostname="DESKTOP-FBMB0MM" failures="0" tests="1" name="com.crm.autodesk.OpportunitiesTests.TC_04_CreateFilterWithMandatoryFieldsWithCancelTest" time="16.393" errors="0" timestamp="2021-09-12T23:45:53 IST" skipped="0">
  <testcase classname="com.crm.autodesk.OpportunitiesTests.TC_04_CreateFilterWithMandatoryFieldsWithCancelTest" name="createFilterWithMandatoryFieldsWithCancelTest" time="16.393"/>
  <system-out/>
</testsuite> <!-- com.crm.autodesk.OpportunitiesTests.TC_04_CreateFilterWithMandatoryFieldsWithCancelTest -->
