<?xml version="1.0" encoding="UTF-8"?>
<!-- Generated by org.testng.reporters.JUnitReportReporter -->
<testsuite hostname="DESKTOP-FBMB0MM" failures="0" tests="1" name="Practice.ClickOnOrganizationlastCheckBox" time="6.876" errors="0" timestamp="2021-09-07T19:15:45 IST" skipped="0">
  <testcase classname="Practice.ClickOnOrganizationlastCheckBox" name="OrganizationTest" time="6.876"/>
  <system-out/>
</testsuite> <!-- Practice.ClickOnOrganizationlastCheckBox -->
