<?xml version="1.0" encoding="UTF-8"?>
<!-- Generated by org.testng.reporters.JUnitReportReporter -->
<testsuite hostname="DESKTOP-FBMB0MM" failures="0" tests="1" name="com.crm.autodesk.Organizations.tests.ReadFromXML" time="0.013" errors="0" timestamp="2021-09-08T13:58:31 IST" skipped="0">
  <testcase classname="com.crm.autodesk.Organizations.tests.ReadFromXML" name="raedDataFromXML" time="0.013"/>
  <system-out/>
</testsuite> <!-- com.crm.autodesk.Organizations.tests.ReadFromXML -->
