<?xml version="1.0" encoding="UTF-8"?>
<!-- Generated by org.testng.reporters.JUnitReportReporter -->
<testsuite hostname="DESKTOP-FBMB0MM" failures="0" tests="1" name="Practice.ClickOn5thCheckboxofCheckList" time="6.603" errors="0" timestamp="2021-09-07T19:18:34 IST" skipped="0">
  <testcase classname="Practice.ClickOn5thCheckboxofCheckList" name="OrganizationTest" time="6.603"/>
  <system-out/>
</testsuite> <!-- Practice.ClickOn5thCheckboxofCheckList -->
