<?xml version="1.0" encoding="UTF-8"?>
<!-- Generated by org.testng.reporters.JUnitReportReporter -->
<testsuite hostname="DESKTOP-FBMB0MM" failures="0" tests="1" name="com.crm.autodesk.OrganizationTests.TC_01_OrganizationNameWithRandomNumAndSelectEducation" time="20.953" errors="0" timestamp="2021-09-09T10:47:28 IST" skipped="0">
  <testcase classname="com.crm.autodesk.OrganizationTests.TC_01_OrganizationNameWithRandomNumAndSelectEducation" name="readorganizationnameTest" time="20.953"/>
  <system-out/>
</testsuite> <!-- com.crm.autodesk.OrganizationTests.TC_01_OrganizationNameWithRandomNumAndSelectEducation -->
