<?xml version="1.0" encoding="UTF-8"?>
<!-- Generated by org.testng.reporters.JUnitReportReporter -->
<testsuite hostname="DESKTOP-FBMB0MM" failures="0" tests="1" name="com.crm.autodesk.Contacts.Tests.TC_01_CrateContactWithOrganizationTest" time="19.738" errors="0" timestamp="2021-09-08T22:23:56 IST" skipped="0">
  <testcase classname="com.crm.autodesk.Contacts.Tests.TC_01_CrateContactWithOrganizationTest" name="creatcontactwithorganizationTest" time="19.738"/>
  <system-out/>
</testsuite> <!-- com.crm.autodesk.Contacts.Tests.TC_01_CrateContactWithOrganizationTest -->
