<?xml version="1.0" encoding="UTF-8"?>
<!-- Generated by org.testng.reporters.JUnitReportReporter -->
<testsuite hostname="DESKTOP-FBMB0MM" failures="0" tests="1" name="com.crm.autodesk.OpportunitiesTests.PracticeTest" time="7.587" errors="0" timestamp="2021-09-15T12:45:54 IST" skipped="0">
  <testcase classname="com.crm.autodesk.OpportunitiesTests.PracticeTest" name="opportunity" time="7.587"/>
  <system-out/>
</testsuite> <!-- com.crm.autodesk.OpportunitiesTests.PracticeTest -->
