<?xml version="1.0" encoding="UTF-8"?>
<!-- Generated by org.testng.reporters.JUnitReportReporter -->
<testsuite hostname="DESKTOP-FBMB0MM" failures="0" tests="1" name="com.crm.autodesk.ProductTests.TC_01_ValidateProductName" time="25.782" errors="0" timestamp="2021-09-09T15:38:43 IST" skipped="0">
  <testcase classname="com.crm.autodesk.ProductTests.TC_01_ValidateProductName" name="readorganizationnameTest" time="25.782"/>
  <system-out/>
</testsuite> <!-- com.crm.autodesk.ProductTests.TC_01_ValidateProductName -->
