<?xml version="1.0" encoding="UTF-8"?>
<!-- Generated by org.testng.reporters.JUnitReportReporter -->
<testsuite hostname="DESKTOP-FBMB0MM" failures="0" tests="1" name="com.crm.autodesk.OpportunitiesTests.Practice1" time="14.549" errors="0" timestamp="2021-09-16T13:02:27 IST" skipped="0">
  <testcase classname="com.crm.autodesk.OpportunitiesTests.Practice1" name="creatOpportunitiesWithFilterViewnameTest" time="14.549"/>
  <system-out/>
</testsuite> <!-- com.crm.autodesk.OpportunitiesTests.Practice1 -->
