<?xml version="1.0" encoding="UTF-8"?>
<!-- Generated by org.testng.reporters.JUnitReportReporter -->
<testsuite hostname="DESKTOP-FBMB0MM" failures="0" tests="1" name="Practice.ClickOnOrganization5thCheckboxofCheckList" time="10.647" errors="0" timestamp="2021-09-07T20:47:25 IST" skipped="0">
  <testcase classname="Practice.ClickOnOrganization5thCheckboxofCheckList" name="OrganizationTest" time="10.647"/>
  <system-out/>
</testsuite> <!-- Practice.ClickOnOrganization5thCheckboxofCheckList -->
