<?xml version="1.0" encoding="UTF-8"?>
<!-- Generated by org.testng.reporters.JUnitReportReporter -->
<testsuite hostname="DESKTOP-FBMB0MM" failures="0" tests="1" name="Practice.DeleteAparticularRowOfOrganization" time="6.641" errors="0" timestamp="2021-09-07T19:53:04 IST" skipped="0">
  <testcase classname="Practice.DeleteAparticularRowOfOrganization" name="OrganizationTest" time="6.641"/>
  <system-out/>
</testsuite> <!-- Practice.DeleteAparticularRowOfOrganization -->
