<?xml version="1.0" encoding="UTF-8"?>
<!-- Generated by org.testng.reporters.JUnitReportReporter -->
<testsuite hostname="DESKTOP-FBMB0MM" failures="0" tests="1" name="Practice.AccountStatus_UnitTest" time="0.493" errors="0" timestamp="2021-09-07T13:26:03 IST" skipped="0">
  <testcase classname="Practice.AccountStatus_UnitTest" name="testAccountType" time="0.493"/>
  <system-out/>
</testsuite> <!-- Practice.AccountStatus_UnitTest -->
