<?xml version="1.0" encoding="UTF-8"?>
<!-- Generated by org.testng.reporters.JUnitReportReporter -->
<testsuite hostname="DESKTOP-FBMB0MM" failures="0" tests="1" name="com.crm.autodesk.OpportunitiesTests.TC_01_CreateOpportunitiesWithFilterViewnameTest" time="17.194" errors="0" timestamp="2021-09-12T23:45:54 IST" skipped="0">
  <testcase classname="com.crm.autodesk.OpportunitiesTests.TC_01_CreateOpportunitiesWithFilterViewnameTest" name="creatOpportunitiesWithFilterViewnameTest" time="17.194"/>
  <system-out/>
</testsuite> <!-- com.crm.autodesk.OpportunitiesTests.TC_01_CreateOpportunitiesWithFilterViewnameTest -->
