<?xml version="1.0" encoding="UTF-8"?>
<!-- Generated by org.testng.reporters.JUnitReportReporter -->
<testsuite hostname="DESKTOP-FBMB0MM" failures="0" tests="1" name="com.crm.autodesk.Organizations.tests.ClickonOrganizationCheckbox" time="11.055" errors="0" timestamp="2021-09-08T13:58:52 IST" skipped="0">
  <testcase classname="com.crm.autodesk.Organizations.tests.ClickonOrganizationCheckbox" name="OrganizationTest" time="11.055"/>
  <system-out/>
</testsuite> <!-- com.crm.autodesk.Organizations.tests.ClickonOrganizationCheckbox -->
