<?xml version="1.0" encoding="UTF-8"?>
<!-- Generated by org.testng.reporters.JUnitReportReporter -->
<testsuite hostname="DESKTOP-FBMB0MM" failures="0" tests="1" name="com.crm.autodesk.OpportunitiesTests.TC_03_CreateFilterWithoutMandatoryFieldsWithSaveTest" time="15.860" errors="0" timestamp="2021-09-12T23:45:54 IST" skipped="0">
  <testcase classname="com.crm.autodesk.OpportunitiesTests.TC_03_CreateFilterWithoutMandatoryFieldsWithSaveTest" name="createFilterWithMandatoryFieldsWithoutSaveTest" time="15.860"/>
  <system-out/>
</testsuite> <!-- com.crm.autodesk.OpportunitiesTests.TC_03_CreateFilterWithoutMandatoryFieldsWithSaveTest -->
