<?xml version="1.0" encoding="UTF-8"?>
<!-- Generated by org.testng.reporters.JUnitReportReporter -->
<testsuite hostname="DESKTOP-FBMB0MM" failures="0" tests="1" name="com.crm.autodesk.OrganizationsTests.ReadFromXML" time="0.009" errors="0" timestamp="2021-09-20T11:36:10 IST" skipped="0">
  <testcase classname="com.crm.autodesk.OrganizationsTests.ReadFromXML" name="raedDataFromXML" time="0.009"/>
  <system-out/>
</testsuite> <!-- com.crm.autodesk.OrganizationsTests.ReadFromXML -->
